[    .00000 Lnux verio 4.10-76-genic (buildd@cy1-ad6-029 (gc vrsio7.4.0 (Ubuntu7..01ubutu1~18.04.1)) #86-Ubuntu SMP Fri Jan 17 17:24:28 UTC 2020 (butu 45.0-76.-generi 415.18)[   0.0000] omma lin: BOOT_IMAGE=/boot/vmlinuz-4.15.0-76-generic root=UUID=22d612d6-934b-4d55-95d16eb1bcd8 ro cosoe=tty1cosoe=tyS0
[    0.000000] KERNEL supported cpus:
[    0.000000]   Intel GenuineIntel
[    0.000000]   AMD AutenticMD
   0.00000]  CenturCenturauls
[   0.0000 x6/fpu:Suporin XSAVE eaure 0x01:''x87 floatin pint registers'
[  0.0000]x8/fpu: pporting SAE fetue x02: 'SE registers'
[    0.000000] x86/fpu: Supporting XSAVE feature 0x004: 'AVX registers'
[    0.000000] x86/fpu: xstate_offset[2]:  576, xstate_sizes[2]:  256
[    0.000000] x86/fpu: Enabled xstate features 0x7, context size is 832 bytes, using 'standard' format.
[   0.00000 e820: OS-provied physca RAmap:
[    0.000000] BIO-e20: [em0x000000000000-0x000000009bffusable
   0.0000] BIOe820 [em0x0000000009f00-0x000000000009ffff] reserved
[    0.000000] BIOS-e820: [me 0x0000000000f000-0000000000fffff] reserved
[    0.000000] BIOS-e820: [mem 0x0000000000100000-0x000000003ffeffff] usable
[    0.000000] BIOS-e820: [mem 0x000000003fff0000-0x000000003fffffff] ACPI data
[    0.00000]BIOS-20: [m 0x000000fec000-0x000000fec0fff] serve
[    0.0000]IOS-e80:[mem0x0000000ee00000-0x000000e00fff resered
[    0.000000] BIOS-e820: [mem 0x00000000fffc0000-0x00000000ffffffff] reserved
[    0.000000] NX (Execute Disable) protection: active
[    0.000000] SMBIOS 2.5 present.
[    0.000000] DMI: inotekmbH VitulBoxirtuBox, OS VirtuaBo 1/01200
[   .000000] Hypervisor deteccted:KV
[    000000]e80: as_pfn = 0x3f0 mx_rch_fn= 0x0000000[    0.000000] MTRR: Disabled
[    0.000000] x86/PAT: MTRRs disbled, skippngPAT intiliaton too.
[    0.000000] CPU MTRRs all blank - virtualized system.
[    0.000000] x86/PAT: Configuration [0-7]: WB  WT  UC- UC  WB  WT  UC- UC  
[    0.000000] found SMPMPtable a [em 0009ff0-x0009ff]
[    0.00000] Sanin 1areas for low memory corruption
[    0.00000 RAMIS: [mem0x59900-0x6cbfff
    0.0000 API: arly table checksu verification disabled
[    0.000000] ACPI: RSDP 0x00000000000E0000 000024 (v02 VBOX  )
[    0.000000] ACPI: XSDT 0x000000003FFF0030 00003C (v01 VBOX   VBOXXSDT 00000001 ASL  00000061)
[    0.000000] ACPI: FACP 0x000000003FFF00F0 0000F4 (v04 VBOX   VBOXFACP 00000001 ASL  00000061)
[    0.000000] ACPI: DSDT 0x00000003FF0470001F (02 VX   BOBIOS 000002 INTL 2010028)[    0.000000] ACPI: FACS 0x000000003FFF0200 000040
[    0.000000] ACPI: FACS 0x000000003FFF0200 000040
[    0.000000] ACPI: APIC 0x000000003FFF0240 00005C (v02 VBOX   VBOXAPIC 00000001 ASL  00000061)
[   0.0000] ACP: SDT x00000003FFF02A0 0001CC (v01 VBOX   VBOXCPUT 00000002 INTL 20100528)
[    0.000000] No NUMA configuration found
[    0.0000] Faking anoe t mem 0x0000000000000-0x0000000ffeffff
    00000]NO_DATA() llocte [mem0xff5000-x3ffeff]
[  0.0000] vm-clock: cpu 0, msr 0:3ff44001, primary cpu clock
[    0.000000] kvm-clock: Using msrs 4b564d01 and 4b564d00
[   0.00000]kv-cock: ung she offset of 2024896 ccles
[  0.00000] clocksource kvm-lok: msk 0ffffffffffff max_cles: 0x1cd42dffb, mx_dle_: 8815051483 ns
[   0.0000] Zoe anges
    000000]  MA     me 00000000000000-0x00000000ffffff
    .000000] DMA3   [me 0000000010000-0x0000003ffeffff]
[    0.000000]   Normal   empty
[    0.000000]   Device   empty
[    0.000000] Movable zone start for each node
[    0.000000] Early memory node ranges
[    0.000000]   node   0: [mem 0x0000000000001000-0x000000000009efff]
[    0.0000]   de  0:[mem0x000000010000-00000003ffeff]
   0.00000] Rseved but unavailable: 98 pages
[    0.000000] Initmem setup node 0 [mem 0x000000000000-0x000000003fffff]
[    0.000000] ACPI:M-Timer O ort: 0x4008
[    0.000000] IOAPIC[0]: apic_id 2, version 32, address 0xfec00000, GSI 0-23
[    0.000000] ACPI: INT_SRC_O (bus busirq 0 global_irq 2 dfl dfl)
[    0.000000] ACPI: INT_SRC_OVR (bus 0 bus_irq 9 globl_ir9 lo lvel)
[    0.000000] Using ACPI (MADT) for SMP configuration information
[    0.000000]mpboo Allong 2CPs, 0otpluCPUs
[    0.000000] PM: Registered nosave memor [mem x00000000-0x00000fff]
[    0.000000] PM: Registered nosave memory: [mem 0x0009f00-0x0009ffff]
    0.000000] PM: Regiserd nosae emor: [mem 0x000a0000-0x000effff]
[  0.00000 PM: Regstred nosvememoy:[mem0x00f0000x000fff][    000000] 20: [m 0x4000000-xfebfff] ailable orPC devics
[   .00000] ootig arvitualze kerl on KV
    .000] clocksurcerefiedjiffes: mas: xfffffff mx_cyes: ffffff, maxidle_ns 764196001168ns
[    0.0000] rndm:ge_randm_ytescaled from start_krnl+0x9/x4fd th cnginit
[    0.00000 stup_percpu: NR_CPUS:8192 nr_cpumask_bits:2 nr_cpu_ids:2 nr_node_ids:1
[    0.000000] percpu: Embedded 45 pages/cpu s147456 r8192 d28672 u1048576
[    0.000000] PV qspinlock hash table entries: 256 (order: 0, 4096 byes
[   0.0000 Built1 zonelits moilty gropingon  Tal pages: 257913[    000000] Picy zone: DA32
[  0.0000] Kerl command lne: OT_IMA=/bot/mlinuz-.15.-7-genic roo=UUID=22d612d6-93b-4d5-95d-6ab1bc5d8a ro console=tty1 console=ttyS0
[    0.000000] Memory: 982556K/1048120K available (12300K kernel code, 2481K rwdata, 4260K rodata, 2428K init, 2704K bss, 65564K reserved, 0K cma-reserved)
[   0.00000 SLUB: HWalig=64, Ode=0-3, Minbjec=0, CPUs=2, Ndes=1
[  0.00000] Krnelser pa tableisolaton enabed
[    0.000000] ftrace: allocating 39322 entries in 154 pages
[    0.004000] Hierarchical RCU implementation.
[    0.004000] RC rstictingCPUs frm R_CP=8192 o r_cpids=2.
[    0004000] 	Tasks RCU enabled.
[    0.004000] RCU: Adjusting geometry for rcu_fanout_leaf=16, nr_cpu_ids=2
[    0.004000] NR_IRQS: 524544, nr_irqs: 440 peallatedirs: 1
    .04000] Cnsol: olo VGA+ 0x5
[  0.0400]cosoe tty1] naled
[    0.04000console[ttyS0] enabled
[    0.004000] ACPI: Core revision 20170831
[   0.0400 API: 2CPI AMLtale sccssully acquiredan loade
    0.004000] APIC: Switch to symmetric I/O mode setup
[    0.004269] x2apic enabled
[    0.008006] Switched APIC routing to physical x2apic.
[    0.013048] ..TIMER: vector=0x30 apic1=0 pin1=2 apic2=-1 pin2=-1
[    0.016006] tsc: Detected 2599.998 MHz processor
[    0.020013] Calibrating delay loop (skipped) preset value.. 5199.99 BogoMIPS (lpj=10399992)
[    0.024009] pid_max: default: 32768 minimum: 301
[    0.028196] Security Framework initialized
[    0.032006] Yama: becoming mindful.
[    0.036048] AppArmor: AppArmor initialized
[    0.041982] Dentry cache hash table entries: 131072 (order: 8, 1048576 bytes)
[    0.044079] Inode-cache hash table entries: 65536 (order: 7, 524288 bytes)
[    0.048031] Mount-cache hash table entries: 2048 (order: 2, 16384 bytes)
[    0.052016] Mountpoint-cache hash table entries: 2048 (order: 2, 16384 bytes)
[    0.056247] Last level iTLB entries: 4KB 1024, 2MB 1024, 4MB 1024
[    0.060007] Last level dTLB entries: 4KB 1024, 2MB 1024, 4MB 1024, 1GB 4
[    0.064007] Spectre V1 : Mitigation: usercopy/swapgs barriers and __user pointer sanitization
[    0.068006] Spectre V2 : Mitigation: Full generic retpoline
[    0.072005] Spectre V2 : Spectre v2 / SpectreRSB mitigation: Filling RSB on context switch
[    0.076006] Speculative Store Bypass: Vulnerable
[    0.080053] MDS: Vulnerable: Clear CPU buffers attempted, no microcode
[    0.084183] Freeing SMP alternatives memory: 36K
[    0.198394] smpboot: CPU0: Intel(R) Core(TM) i5-4278U CPU @ 2.60GHz (family: 0x6, model: 0x45, stepping: 0x1)
[    0.200091] Performance Events: unsupported p6 CPU model 69 no PMU driver, software events only.
[    0.204268] Hierarchical SRCU implementation.
[    0.208586] NMI watchdog: Perf event create on CPU 0 failed with -2
[    0.212006] NMI watchdog: Perf NMI watchdog permanently disabled
[    0.216080] smp: Bringing up secondary CPUs ...
[    0.220113] x86: Booting SMP configuration:
[    0.224007] .... node  #0, CPUs:      #1
[    0.004000] kvm-clock: cpu 1, msr 0:3ff44041, secondary cpu clock
[    0.248027] smp: Brought up 1 node, 2 CPUs
[    0.252010] smpboot: Max logical packages: 1
[    0.256010] smpboot: Total of 2 processors activated (10399.99 BogoMIPS)
[    0.260397] devtmpfs: initialized
[    0.264231] x86/mm: Memory block size: 128MB
[    0.268456] evm: security.selinux
[    0.272009] evm: security.SMACK64
[    0.273075] evm: security.SMACK64EXEC
[    0.274230] evm: security.SMACK64TRANSMUTE
[    0.276011] evm: security.SMACK64MMAP
[    0.280006] evm: security.apparmor
[    0.284006] evm: security.ima
[    0.285070] evm: security.capability
[    0.286432] clocksource: jiffies: mask: 0xffffffff max_cycles: 0xffffffff, max_idle_ns: 7645041785100000 ns
[    0.288017] futex hash table entries: 512 (order: 3, 32768 bytes)
[    0.296037] pinctrl core: initialized pinctrl subsystem
[    0.300131] RTC time:  8:21:08, date: 02/18/20
[    0.301989] NET: Registered protocol family 16
[    0.304090] audit: initializing netlink subsys (disabled)
[    0.305786] audit: type=2000 audit(1582014051.095:1): state=initialized audit_enabled=0 res=1
[    0.472012] cpuidle: using governor ladder
[    0.476019] cpuidle: using governor menu
[    0.480059] ACPI: bus type PCI registered
[    0.484007] acpiphp: ACPI Hot Plug PCI Controller Driver version: 0.5
[    0.488137] PCI: Using configuration type 1 for base access
[    0.492947] HugeTLB registered 2.00 MiB page size, pre-allocated 0 pages
[    0.496127] ACPI: Added _OSI(Module Device)
[    0.500007] ACPI: Added _OSI(Processor Device)
[    0.504009] ACPI: Added _OSI(3.0 _SCP Extensions)
[    0.508007] ACPI: Added _OSI(Processor Aggregator Device)
[    0.512008] ACPI: Added _OSI(Linux-Dell-Video)
[    0.516010] ACPI: Added _OSI(Linux-Lenovo-NV-HDMI-Audio)
[    0.520008] ACPI: Added _OSI(Linux-HPI-Hybrid-Graphics)
[    0.524404] ACPI: Executed 1 blocks of module-level executable AML code
[    0.531248] ACPI: Interpreter enabled
[    0.532037] ACPI: (supports S0 S5)
[    0.536040] ACPI: Using IOAPIC for interrupt routing
[    0.540286] PCI: Using host bridge windows from ACPI; if necessary, use "pci=nocrs" and report a bug
[    0.544251] ACPI: Enabled 2 GPEs in block 00 to 07
[    0.557210] ACPI: PCI Root Bridge [PCI0] (domain 0000 [bus 00-ff])
[    0.560020] acpi PNP0A03:00: _OSC: OS supports [ASPM ClockPM Segments MSI]
[    0.562155] acpi PNP0A03:00: _OSC: not requesting OS control; OS requires [ExtendedConfig ASPM ClockPM MSI]
[    0.564028] acpi PNP0A03:00: fail to add MMCONFIG information, can't access extended PCI configuration space under this bridge.
[    0.572326] PCI host bridge to bus 0000:00
[    0.576010] pci_bus 0000:00: root bus resource [io  0x0000-0x0cf7 window]
[    0.580010] pci_bus 0000:00: root bus resource [io  0x0d00-0xffff window]
[    0.584010] pci_bus 0000:00: root bus resource [mem 0x000a0000-0x000bffff window]
[    0.588007] pci_bus 0000:00: root bus resource [mem 0x40000000-0xfdffffff window]
[    0.592004] pci_bus 0000:00: root bus resource [bus 00-ff]
[    0.597867] pci 0000:00:01.1: legacy IDE quirk: reg 0x10: [io  0x01f0-0x01f7]
[    0.600009] pci 0000:00:01.1: legacy IDE quirk: reg 0x14: [io  0x03f6]
[    0.604007] pci 0000:00:01.1: legacy IDE quirk: reg 0x18: [io  0x0170-0x0177]
[    0.606158] pci 0000:00:01.1: legacy IDE quirk: reg 0x1c: [io  0x0376]
[    0.632174] pci 0000:00:07.0: quirk: [io  0x4000-0x403f] claimed by PIIX4 ACPI
[    0.636026] pci 0000:00:07.0: quirk: [io  0x4100-0x410f] claimed by PIIX4 SMB
[    0.657300] ACPI: PCI Interrupt Link [LNKA] (IRQs 5 9 10 *11)
[    0.660395] ACPI: PCI Interrupt Link [LNKB] (IRQs 5 9 *10 11)
[    0.664181] ACPI: PCI Interrupt Link [LNKC] (IRQs 5 *9 10 11)
[    0.668175] ACPI: PCI Interrupt Link [LNKD] (IRQs 5 9 10 *11)
[    0.672469] SCSI subsystem initialized
[    0.676102] pci 0000:00:02.0: vgaarb: setting as boot VGA device
[    0.680000] pci 0000:00:02.0: vgaarb: VGA device added: decodes=io+mem,owns=io+mem,locks=none
[    0.680072] pci 0000:00:02.0: vgaarb: bridge control possible
[    0.684005] vgaarb: loaded
[    0.688090] ACPI: bus type USB registered
[    0.692084] usbcore: registered new interface driver usbfs
[    0.696022] usbcore: registered new interface driver hub
[    0.700051] usbcore: registered new device driver usb
[    0.708249] EDAC MC: Ver: 3.0.0
[    0.712366] PCI: Using ACPI for IRQ routing
[    0.720205] NetLabel: Initializing
[    0.724007] NetLabel:  domain hash size = 128
[    0.725507] NetLabel:  protocols = UNLABELED CIPSOv4 CALIPSO
[    0.728028] NetLabel:  unlabeled traffic allowed by default
[    0.732085] clocksource: Switched to clocksource kvm-clock
[    0.8535] VFS: Disk quotas dquot_6.6.0
[    0.913849] VFS: Dquot-cache hash table entries: 512 (rder 0, 40 bes)[  16265] AppArmo AArr Flestm abed
  1.85] npPnAC it
[  14426] pnp: PnP ACPI: found 3 devices

[   .15179] clocksource: acpi_pm: mask:0xfff x_ycs: 0ffffmaidle_n: 087024 n
[  286253 N: gited otcofaly2
[    3.629]TCesblheha tblenris:8192(oer4,656 te)
[    4.2345]TCbi hshtae tres81 (de:  107 byte)   5.070542] TCP: Hash tables configured (established 8192 bind 8192)
[   .215 U hshabe trs:12orer2,634 byte)
[  5424]DPithah table etres51(ode:  184yt)  6.74] ET Rgistreproc fil1  7.77] i 000:.0Litig re PCI/PCI rasfrs[  8118]ci 0000:00:1. Aivin IA DMA hang workarounds
[    8.514325] pci 0000:00:02.0: Video device wit shadowed R a[mm 0000-000ffff]

[    8.967291] Unpacking initramfs...
[    9.312039] Freeing initrd memory: 19724K
[    9.356765] clocksource: tsc: mask: 0xffffffffffffffff max_cycles: 0x257a3a7b45f, max_idle_ns: 440795312762 ns
[    9.359816] platform rtc_cmos: registered platform RTC device (no PNP device found)
[    9.364895] Scanning for low memory corruption every 60 seconds
[    9.434426] Initialise system trusted keyrings
[    9.444045] Key type blacklist registered
[    9.456833] workingset: timestamp_bits=36 max_order=18 bucket_order=0
[    9.470638] zbud: loaded
[    9.522305] squashfs: version 4.0 (2009/01/31) Phillip Lougher
[    9.552554] fuse init (API version 7.26)
[    9.562463] Key type asymmetric registered
[    9.590422] Asymmetric key parser 'x509' registered
[    9.622909] Block layer SCSI generic (bsg) driver version 0.4 loaded (major 246)
[    9.634517] io scheduler noop registered
[    9.644627] io scheduler deadline registered
[    9.658929] io scheduler cfq registered (default)
[    9.668848] ACPI: AC Adapter [AC] (on-line)
[    9.678364] input: Power Button as /devices/LNXSYSTM:00/LNXPWRBN:00/input/input0
[    9.766038] ACPI: Power Button [PWRF]
[    9.789364] input: Sleep Button as /devices/LNXSYSTM:00/LNXSLPBN:00/input/input1
[    9.820428] ACPI: Sleep Button [SLPF]
[    9.851571] ACPI: Battery Slot [BAT0] (battery present)
[    9.955064] Seia 80/65 dve 3pos, IRQ sharing enabled
[   10.398670] 00:02: ttyS0 at I/O 0x3f8 (irq = 4, base_baud = 115200) is a 16550A
[   10.460123] Linux agpgart interface v0.103
[   10.516305] loop: module loaded
[   10.553307] scsi host0: ata_piix
[   10.599990] scsi host1: ata_piix
[   10.648642] ata1: PATA max UDMA/33 cmd 0x1f0 ctl 0x3f6 bmdma 0xd000 irq 14
[   10.707004] ata2: PATA max UDMA/33 cmd 0x170 ctl 0x376 bmdma 0xd008 irq 15
[   10.709971] libphy: Fixed MDIO Bus: probed
[   10.712398] tun: Universal TUN/TAP device driver, 1.6
[   10.718021] PPP generic driver version 2.4.2
[   10.719508] ehci_hcd: USB 2.0 'Enhanced' Host Controller (EHCI) Driver
[   10.762123] ehci-pci: EHCI PCI platform driver
[   10.796684] ehci-platform: EHCI generic platform driver
[   10.860813] ohci_hcd: USB 1.1 'Open' Host Controller (OHCI) Driver
[   10.918579] ohci-pci: OHCI PCI platform driver
[   10.986563] ohci-platform: OHCI generic platform driver
[   11.085511] uhci_hcd: USB Universal Host Controller Interface driver
[   .140 i42: PNP: PS/2 Contoler[P03:PK,P03:2Matx60x64 irq 1,12
[   119429 sioi82 D pot  00,0x64 ir 1[ 12597]ero:80 A pt  0x60,0x64 irq 12
[   12.943562] mousedev: PS/2 mouse device common for all mice
[   12.962853] input: AT Translated Set 2 keyboard as /devices/platform/i8042/serio0/input/input2
[   12.968158] rtc_cmos rtc_cmos: rtc core: registered rtc_cmos as rtc0
[   13.013679] rtc_cmos rtc_cmos: alarms up to one day, 114 bytes nvram
[   13.030551] i2c /dev entries driver
[   13.041369] device-mapper: uevent: version 1.0.3
[   13.115193] device-mapper: ioctl: 4.37.0-ioctl (2017-09-20) initialised: dm-devel@redhat.com
[   13.198925] ledtrig-cpu: registered to indicate activity on CPUs
[   13.208183] NET: Registered protocol family 10
[   13.248539] Segment Routing with IPv6
[   13.285048] NET: Registered protocol family 17
[   13.313784] Key type dns_resolver registered
[   13.370339] mce: Using 0 MCE banks
[   13.415115] RAS: Correctable Errors collector initialized.
[   13.448084] sched_clock: Marking stable (13448043186, 0)->(38289774533, -24841731347)
[   13.465639] registered taskstats version 1
[   13.581389] Loading compiled-in X.509 certificates
[   13.593188] Loaded X.509 cert 'Build time autogenerated kernel key: 665cd2b89e03521f57c41865f552ebce30a0c7fb'
[   13.619849] zswap: loaded using pool lzo/zbud
[   13.642862] Key type big_key registered
[   13.653311] Key type trusted registered
[   13.658093] Key type encrypted registered
[   13.690275] AppArmor: AppArmor sha1 policy hashing enabled
[   13.718462] ima: No TPM chip found, activating TPM-bypass! (rc=-19)
[   13.734420] ima: Allocated hash algorithm: sha1
[   13.758123] evm: HMAC attrs: 0x1
[   13.795866]   Magic number: 8:995:371
[   13.817966] rtc_cmos rtc_cmos: setting system clock to 2020-02-18 08:21:23 UTC (1582014083)
[   13.849902] BIOS EDD facility v0.16 2004-Jun-25, 0 devices found
[   13.915864] EDD information not available.
[   13.957182] Freeing unused kernel image memory: 2428K
[   14.000555] Write protecting the kernel read-only data: 20480k
[   14.042974] Freeing unused kernel image memory: 2008K
[   14.054092] Freeing unused kernel image memory: 1884K
[   14.064160] x86/mm: Checked W+X mappings: passed, no W+X pages found.
[   14.117402] x86/mm: Checking user space page tables
[   14.162114] x86/mm: Checked W+X mappings: passed, no W+X pages found.
Loading, please wait...
starting version 237
[   14.299135] e1000: Intel(R) PRO/1000 Network Driver - version 7.3.21-k8-NAPI
[   14.310123] e1000: Copyright (c) 1999-2006 Intel Corporation.
[   14.314826] Fusion MPT base driver 3.04.20
[   14.319261] Copyright (c) 1999-2008 LSI Corporation
[   14.330545] AVX2 version of gcm_enc/dec engaged.
[   14.349513] AES CTR mode by8 optimization enabled
[   14.380983] Fusion MPT SPI Host driver 3.04.20
[   14.572223] input: ImExPS/2 Generic Explorer Mouse as /devices/platform/i8042/serio1/input/input4
[   14.754913] e1000 0000:00:03.0 eth0: (PCI:33MHz:32-bit) 02:6f:f9:1e:39:dc
[   14.886785] e1000 0000:00:03.0 eth0: Intel(R) PRO/1000 Network Connection
[   14.962798] mptbase: ioc0: Initiating bringup
[   15.096703] ioc0: LSI53C1030 A0: Capabilities={Initiator}
[   15.401834] scsi host2: ioc0: LSI53C1030 A0, FwRev=00000000h, Ports=1, MaxQ=256, IRQ=20
[   15.645894] scsi 2:0:0:0: Direct-Access     VBOX     HARDDISK         1.0  PQ: 0 ANSI: 5
[   15.740195] scsi target2:0:0: Beginning Domain Validation
[   15.897346] scsi target2:0:0: Domain Validation skipping write tests
[   15.909254] scsi target2:0:0: Ending Domain Validation
[   15.910974] scsi target2:0:0: asynchronous
[   15.912857] scsi 2:0:1:0: Direct-Access     VBOX     HARDDISK         1.0  PQ: 0 ANSI: 5
[   16.236547] scsi target2:0:1: Beginning Domain Validation
[   16.268818] random: fast init done
[   16.270080] e1000 0000:00:08.0 eth1: (PCI:33MHz:32-bit) 08:00:27:56:f6:c9
[   16.312665] random: systemd-udevd: uninitialized urandom read (16 bytes read)
[   16.314693] e1000 0000:00:08.0 eth1: Intel(R) PRO/1000 Network Connection
[   16.318427] random: systemd-udevd: uninitialized urandom read (16 bytes read)
[   16.328353] random: systemd-udevd: uninitialized urandom read (16 bytes read)
[   16.369958] scsi target2:0:1: Domain Validation skipping write tests
[   16.370196] e1000 0000:00:03.0 enp0s3: renamed from eth0
[   16.413884] scsi target2:0:1: Ending Domain Validation
[   16.440226] scsi target2:0:1: asynchronous
[   16.478090] e1000 0000:00:08.0 enp0s8: renamed from eth1
[   16.480998] sd 2:0:0:0: Attached scsi generic sg0 type 0
[   16.544327] sd 2:0:0:0: [sda] 20971520 512-byte logical blocks: (10.7 GB/10.0 GiB)
[   16.544377] sd 2:0:1:0: Attached scsi generic sg1 type 0
[   16.571717] sd 2:0:0:0: [sda] Write Protect is off
[   16.587274] sd 2:0:1:0: [sdb] 20480 512-byte logical blocks: (10.5 MB/10.0 MiB)
[   16.652485] sd 2:0:0:0: [sda] Incomplete mode parameter data
[   16.656571] sd 2:0:1:0: [sdb] Write Protect is off
[   16.663581] sd 2:0:0:0: [sda] Assuming drive cache: write through
[   16.678423] sd 2:0:1:0: [sdb] Incomplete mode parameter data
[   16.749096] sd 2:0:1:0: [sdb] Assuming drive cache: write through
[   16.887772]  sda: sda1
[   16.889483] sd 2:0:1:0: [sdb] Attached SCSI disk
[   16.899867] sd 2:0:0:0: [sda] Attached SCSI disk
Begin: Loading essential drivers ... [   18.456661] raid6: sse2x1   gen()  9807 MB/s
[   18.560666] raid6: sse2x1   xor()  7138 MB/s
[   18.636076] raid6: sse2x2   gen() 11114 MB/s
[   18.692156] raid6: sse2x2   xor()  3381 MB/s
[   18.753059] raid6: sse2x4   gen() 10551 MB/s
[   18.872427] raid6: sse2x4   xor()  7897 MB/s
[   18.984719] raid6: avx2x1   gen() 16500 MB/s
[   19.084217] raid6: avx2x1   xor() 13197 MB/s
[   19.188378] raid6: avx2x2   gen() 21753 MB/s
[   19.306671] raid6: avx2x2   xor() 14700 MB/s
[   19.408092] raid6: avx2x4   gen() 24002 MB/s
[   19.480668] raid6: avx2x4   xor() 15923 MB/s
[   19.545558] raid6: using algorithm avx2x4 gen() 24002 MB/s
[   19.626630] raid6: .... xor() 15923 MB/s, rmw enabled
[   19.676358] raid6: using avx2x2 recovery algorithm
[   19.738330] xor: automatically using best checksumming function   avx       
[   19.760997] async_tx: api initialized (async)
done.
Begin: Running /scripts/init-premount ... done.
Begin: Mounting root file system ... Begin: Running /scripts/local-top ... done.
Begin: Running /scripts/local-premount ... [   19.874675] Btrfs loaded, crc32c=crc32c-intel
Scanning for Btrfs filesystems
done.
Warning: fsck no[   19.953047] EXT4-fs (sda1): INFO: recovery required on readonly filesystem
t present, so sk[   20.001186] EXT4-fs (sda1): write access will be enabled during recovery
ipping root file system
[   20.333796] EXT4-fs (sda1): recovery complete
[   20.357889] EXT4-fs (sda1): mounted filesystem with ordered data mode. Opts: (null)
done.
Begin: Running /scripts/local-bottom ... done.
Begin: Running /scripts/init-bottom ... done.
[   20.802997] ip_tables: (C) 2000-2006 Netfilter Core Team
[   20.891152] systemd[1]: systemd 237 running in system mode. (+PAM +AUDIT +SELINUX +IMA +APPARMOR +SMACK +SYSVINIT +UTMP +LIBCRYPTSETUP +GCRYPT +GNUTLS +ACL +XZ +LZ4 +SECCOMP +BLKID +ELFUTILS +KMOD -IDN2 +IDN -PCRE2 default-hierarchy=hybrid)
[   20.928875] systemd[1]: Detected virtualization oracle.
[   20.945458] systemd[1]: Detected architecture x86-64.

Welcome to [1mUbuntu 18.04.3 LTS[0m!

[   20.985007] systemd[1]: Set hostname to <ubuntu-bionic>.
[   21.453408] systemd[1]: Reached target User and Group Name Lookups.
[[0;32m  OK  [0m] Reached target User and Group Name Lookups.
[   21.561345] systemd[1]: Created slice User and Session Slice.
[[0;32m  OK  [0m] Created slice User and Session Slice.
[   21.720589] systemd[1]: Set up automount Arbitrary Executable File Formats File System Automount Point.
[[0;32m  OK  [0m] Set up automount Arbitrary Executab…rmats File System Automount Point.
[   21.856489] systemd[1]: Reached target System Time Synchronized.
[[0;32m  OK  [0m] Reached target System Time Synchronized.
[   22.020607] systemd[1]: Started Forward Password Requests to Wall Directory Watch.
[[0;32m  OK  [0m] Started Forward Password Requests to Wall Directory Watch.
[   22.041053] systemd[1]: Created slice System Slice.
[[0;32m  OK  [0m] Created slice System Slice.
[[0;32m  OK  [0m] Listening on Network Service Netlink Socket.
[[0;32m  OK  [0m] Created slice system-serial\x2dgetty.slice.
[[0;32m  OK  [0m] Listening on Journal Audit Socket.
[[0;32m  OK  [0m] Listening on Device-mapper event daemon FIFOs.
[[0;32m  OK  [0m] Listening on udev Kernel Socket.
[[0;32m  OK  [0m] Listening on udev Control Socket.
[[0;32m  OK  [0m] Reached target Swap.
[[0;32m  OK  [0m] Listening on LVM2 metadata daemon socket.
[[0;32m  OK  [0m] Listening on Syslog Socket.
[[0;32m  OK  [0m] Listening on Journal Socket.
         Starting Uncomplicated firewall...
         Starting Create list of required st…ce nodes for the current kernel...
         Mounting Huge Pages File System...
         Mounting Kernel Debug File System...
         [   22.448609] EXT4-fs (sda1): re-mounted. Opts: (null)
Starting Remount Root and Kernel File Systems...
         Mounting POSIX Message Queue File System...
         Starting Monitoring of LVM2 mirrors…ng dmeventd or progress polling...
         Starting Set the console keyboard layout...
         Starting Load Kernel Modules...
[[0;32m  OK  [0m] Listening on /dev/initctl Compat[   22.718210] Loading iSCSI transport class v2.0-870.
ibility Named Pipe.
[   22.828774] iscsi: registered transport (tcp)
[   23.725158] random: crng init done
[   23.727425] random: 7 urandom warning(s) missed due to ratelimiting
         Starting udev Coldplug all Devices...
[   23.747941] iscsi: registered transport (iser)
[[0;32m  OK  [0m] Listening on LVM2 poll daemon socket.
[[0;32m  OK  [0m] Reached target Slices.
[[0;32m  OK  [0m] Listening on Journal Socket (/dev/log).
         Starting Journal Service...
[[0;32m  OK  [0m] Started Uncomplicated firewall.
[[0;32m  OK  [0m] Started Create list of required sta…vice nodes for the current kernel.
[[0;32m  OK  [0m] Started Journal Service.
[[0;32m  OK  [0m] Mounted Huge Pages File System.
[[0;32m  OK  [0m] Mounted Kernel Debug File System.
[[0;32m  OK  [0m] Started Remount Root and Kernel File Systems.
[[0;32m  OK  [0m] Mounted POSIX Message Queue File System.
[[0;32m  OK  [0m] Started Set the console keyboard layout.
[[0;32m  OK  [0m] Started Load Kernel Modules.
[[0;32m  OK  [0m] Started LVM2 metadata daemon.
         Starting Apply Kernel Variables...
         Mounting FUSE Control File System...
         Mounting Kernel Configuration File System...
         Starting Load/Save Random Seed...
         Starting Flush Journal to Persistent Storage...
         Starting Create Static Device Nodes in /dev...
[[0;32m  OK  [0m] Started Monitoring of LVM2 mirrors,…sing dmeventd or progress polling.
[[0;32m  OK  [0m] Started udev Coldplug all Devices.
[[0;32m  OK  [0m] Started Apply Kernel Variables.
[[0;32m  OK  [0m] Mounted FUSE Control File System.
[[0;32m  OK  [0m] Mounted Kernel Configuration File System.
[[0;32m  OK  [0m] Started Load/Save Random Seed.
[[0;32m  OK  [0m] Started Create Static Device Nodes in /dev.
         Starting udev Kernel Device Manager...
[[0;32m  OK  [0m] Reached target Local File Systems (Pre).
[[0;32m  OK  [0m] Reached target Local File Systems.
         Starting Tell Plymouth To Write Out Runtime Data...
         Starting ebtables ruleset management...
         Starting Set console font and keymap...
         Starting AppArmor initialization...
[[0;32m  OK  [0m] Started udev Kernel Device Manager.
[[0;32m  OK  [0m] Started Tell Plymouth To Write Out Runtime Data.
[[0;32m  OK  [0m] Started Set console font and keymap.
[[0;32m  OK  [0m] Started Dispatch Password Requests to Console Directory Watch.
[[0;32m  OK  [0m] Reached target Local Encrypted Volumes.
[[0;32m  OK  [0m] Started Flush Journal to Persistent Storage.
         Starting Create Volatile Files and Directories...
[[0;32m  OK  [0m] Started Create Volatile Files and Directories.
[[0;32m  OK  [0m] Started ebtables ruleset management.
         Starting Update UTMP about System Boot/Shutdown...
[[0;32m  OK  [0m] Started Update UTMP about System Boot/Shutdown.
[[0;32m  OK  [0m] Started AppArmor initialization.
[[0;32m  OK  [0m] Found device /dev/ttyS0.
[[0;32m  OK  [0m] Listening on Load/Save RF Kill Switch Status /dev/rfkill Watch.
         Starting Initial cloud-init job (pre-networking)...
[   27.214397] cloud-init[529]: Cloud-init v. 19.3-41-gc4735dd3-0ubuntu1~18.04.1 running 'init-local' at Tue, 18 Feb 2020 08:21:36 +0000. Up 26.97 seconds.
[[0;32m  OK  [0m] Started Initial cloud-init job (pre-networking).
[[0;32m  OK  [0m] Reached target Network (Pre).
         Starting Network Service...
[[0;32m  OK  [0m] Started Network Service.
         Starting Wait for Network to be Configured...
         Starting Network Name Resolution...
[[0;32m  OK  [0m] Started Network Name Resolution.
[[0;32m  OK  [0m] Reached target Network.
[[0;32m  OK  [0m] Reached target Host and Network Name Lookups.
[[0;32m  OK  [0m] Started Wait for Network to be Configured.
         Starting Initial cloud-init job (metadata service crawler)...
[   29.512428] cloud-init[684]: Cloud-init v. 19.3-41-gc4735dd3-0ubuntu1~18.04.1 running 'init' at Tue, 18 Feb 2020 08:21:39 +0000. Up 29.35 seconds.
[   29.604572] cloud-init[684]: ci-info: ++++++++++++++++++++++++++++++++++++++Net device info+++++++++++++++++++++++++++++++++++++++
[   29.685124] cloud-init[684]: ci-info: +--------+------+-----------------------------+---------------+--------+-------------------+
[[0;32m  OK  [0m] Started Initial cloud-init job (metadata service crawler).
[[0;32m  OK  [0m] Reached target Network is Online.
[   29.839483] cloud-init[684]: ci-info: | Device |  Up  |           Address           |      Mask     | Scope  |     Hw-Address    |
[   30.005249] cloud-init[684]: ci-info: +--------+------+-----------------------------+---------------+--------+-------------------+
[[0;32m  OK  [0m] Reached target Remote File Systems (Pre).
[   30.011215] [cloud-init[0;32m  OK  [0m[684]: ] Reached target Remote File Systems.
ci-info: | enp0s3 | True |          10.0.2.15          | 255.255.255.0 | global | 02:6f:f9:1e:39:dc |
         Starting Availability of block devices...
[   30.119312] [cloud-init[0;32m  OK  [0m[684]: ] ci-info: | enp0s3 | True |  fe80::6f:f9ff:fe1e:39dc/64 |       .       |  link  | 02:6f:f9:1e:39:dc |Reached target System Initialization.

[[0;32m  OK  [0m] Started Daily apt download activities.
[[0;32m  OK  [0m] Listening on ACPID Listen Socket.
[   30.232010]          cloud-initStarting Socket activation for snappy daemon.[684]: 
ci-info: | enp0s8 | True |        192.168.33.10        | 255.255.255.0 | global | 08:00:27:56:f6:c9 |
[[0;32m  OK  [0m] Started Daily Cleanup of Temporary Directories.
[   30.368303] cloud-init[684]: ci-info: | enp0s8 | True | fe80::a00:27ff:fe56:f6c9/64 |       .       |  link  | 08:00:27:56:f6:c9 |
[[0;32m  OK  [0m] Listening on Open-iSCSI iscsid Socket.
[   30.513683] [cloud-init[0;32m  OK  [0m[684]: ] ci-info: |   lo   | True |          127.0.0.1          |   255.0.0.0   |  host  |         .         |Listening on UUID daemon activation socket.

[[0;32m  OK  [0m] Started Daily apt upgrade and clean activities.
[   30.700919] cloud-init[684]: ci-info: |   lo   | True |           ::1/128           |       .       |  host  |         .         |
[[0;32m  OK  [0m] Started Discard unused blocks once a week.
[   30.848803] cloud-init[684]: ci-info: +--------+------+-----------------------------+---------------+--------+-------------------+
         Starting LXD - unix socket.
[   31.008519] cloud-init[684]: ci-info: +++++++++++++++++++++++++++++Route IPv4 info+++++++++++++++++++++++++++++
[[0;32m  OK  [0m] Started ACPI Events Check.
[[0;32m  OK  [0m] Reached target Paths.
[[0;32m  OK  [0m] Started Message of the Day.
[   31.129732] cloud-init[684]: ci-info: +-------+--------------+----------+-----------------+-----------+-------+
[[0;32m  OK  [0m] Listening on D-Bus System Message Bus Socket.
[   31.201519] [cloud-init[0;32m  OK  [0m[684]: ] ci-info: | Route | Destination  | Gateway  |     Genmask     | Interface | Flags |Reached target Timers.

[[0;32m  OK  [0m] Reached target Cloud-config availability.
[   31.245870] cloud-init[684]: ci-info: +-------+--------------+----------+-----------------+-----------+-------+
[[0;32m  OK  [0m] Started Availability of block devices.
[   31.341073] [cloud-init[0;32m  OK  [0m[684]: ] ci-info: |   0   |   0.0.0.0    | 10.0.2.2 |     0.0.0.0     |   enp0s3  |   UG  |Listening on Socket activation for snappy daemon.

[[0;32m  OK  [0m] Listening on LXD - unix socket.
[   31.476723] cloud-init[684]: ci-info: |   1   |   10.0.2.0   | 0.0.0.0  |  255.255.255.0  |   enp0s3  |   U   |
[[0;32m  OK  [0m] Reached target Sockets.
[[0;32m  OK  [0m] Reached target Basic System.
[   31.586106] cloud-init[684]: ci-info: |   2   |   10.0.2.2   | 0.0.0.0  | 255.255.255.255 |   enp0s3  |   UH  |
[[0;32m  OK  [0m] Started FUSE filesystem for LXC.
[   31.756745] cloud-init[684]: ci-info: |   3   | 192.168.33.0 | 0.0.0.0  |  255.255.255.0  |   enp0s8  |   U   |
[   31.788236]          cloud-initStarting Login Service...[684]: 
ci-info: +-------+--------------+----------+-----------------+-----------+-------+
[[0;32m  OK  [0m] Started Regular background program processing daemon.
[   31.870199] cloud-init[684]: ci-info: +++++++++++++++++++Route IPv6 info+++++++++++++++++++
         Starting Message of the Day...
[   31.956288] cloud-init[684]: ci-info: +-------+-------------+---------+-----------+-------+
[[0;32m  OK  [0m] Started D-Bus System Message Bus.
[   32.076558] cloud-init[684]: ci-info: | Route | Destination | Gateway | Interface | Flags |
[[0;32m  OK  [0m] Started Login Service.
[   32.268812] cloud-init[684]: ci-info: +-------+-------------+---------+-----------+-------+
[   32.348359] cloud-init[684]:          ci-info: |   1   |  fe80::/64  |    ::   |   enp0s3  |   U   |Starting Virtualbox guest utils...

         Starting System Logging Service...
         Starting Discard unused blocks...
         Starting Accounts Service...
[   32.443851] cloud-init[684]: ci-info: |   2   |  fe80::/64  |    ::   |   enp0s8  |   U   |
[[   32.568979] cloud-init[684]: ci-info: |   4   |    local    |    ::   |   enp0s3  |   U   |
[   32.569320] cloud-init[684]: ci-info: |   5   |    local    |    ::   |   enp0s8  |   U   |
[0;32m  OK  [0m] Started Deferred execution scheduler.
[   32.570047] cloud-init[684]: ci-info: |   6   |   ff00::/8  |    ::   |   enp0s3  |   U   |
[[0;32m  OK  [0m[   32.693111] ] cloud-initStarted irqbalance daemon.[684]: 
ci-info: |   7   |   ff00::/8  |    ::   |   enp0s8  |   U   |
         [   32.746611] cloud-init[684]: ci-info: +-------+-------------+---------+-----------+-------+
Starting Permit User Sessions...
         Starting LSB: Record successful boot for GRUB...
[[0;32m  OK  [0m] Started Unattended Upgrades Shutdown.
         Starting LXD - container startup/shutdown...
         Starting LSB: automatic crash report generation...
         Starting OpenBSD Secure Shell server...
         Starting Dispatcher daemon for systemd-networkd...
         Starting Snappy daemon...
[[0;32m  OK  [0m] Started System Logging Service.
[[0;32m  OK  [0m] Started Discard unused blocks.
[[0;32m  OK  [0m] Started Permit User Sessions.
[[0;32m  OK  [0m] Started LXD - container startup/shutdown.
[[0;32m  OK  [0m] Started OpenBSD Secure Shell server.
         Starting Authorization Manager...
         Starting Hold until boot process finishes up...
         Starting Terminate Plymouth Boot Screen...
[[0;32m  OK  [0m] Started LSB: Record successful boot for GRUB.
[[0;32m  OK  [0m] Started Hold until boot process finishes up.
[[0;32m  OK  [0m] Started Terminate Plymouth Boot Screen.
[[0;32m  OK  [0m] Started LSB: automatic crash report generation.
[[0;32m  OK  [0m] Started Authorization Manager.
[[0;32m  OK  [0m] Started Accounts Service.
[[0;32m  OK  [0m] Started Dispatcher daemon for systemd-networkd.
[[0;32m  OK  [0m] Started Virtualbox guest utils.
[[0;32m  OK  [0m] Created slice User Slice of vagrant.
[[0;32m  OK  [0m] Started Serial Getty on ttyS0.
         Starting Set console scheme...
[[0;32m  OK  [0m] Started Snappy daemon.
[[0;32m  OK  [0m] Started Set console scheme.
[[0;32m  OK  [0m] Started Session 1 of user vagrant.
         Starting User Manager for UID 1000...
[[0;32m  OK  [0m] Created slice system-getty.slice.
[[0;32m  OK  [0m] Started Getty on tty1.
[[0;32m  OK  [0m] Reached target Login Prompts.
         Starting Wait until snapd is fully seeded...
[[0;32m  OK  [0m] Started User Manager for UID 1000.
[[0;32m  OK  [0m] Started Wait until snapd is fully seeded.
         Starting Apply the settings specified in cloud-config...
[[0;32m  OK  [0m] Reached target Multi-User System.
[[0;32m  OK  [0m] Reached target Graphical Interface.
         Starting Update UTMP about System Runlevel Changes...
[[0;32m  OK  [0m] Started Update UTMP about System Runlevel Changes.
[[0;32m  OK  [0m] Started Message of the Day.
[   35.118591] cloud-init[1241]: Cloud-init v. 19.3-41-gc4735dd3-0ubuntu1~18.04.1 running 'modules:config' at Tue, 18 Feb 2020 08:21:44 +0000. Up 34.97 seconds.
[[0;32m  OK  [0m] Started Apply the settings specified in cloud-config.
         Starting Execute cloud user/final scripts...
[   36.166404] cloud-init[1345]: Cloud-init v. 19.3-41-gc4735dd3-0ubuntu1~18.04.1 running 'modules:final' at Tue, 18 Feb 2020 08:21:45 +0000. Up 35.83 seconds.
[   36.205565] cloud-init[1345]: Cloud-init v. 19.3-41-gc4735dd3-0ubuntu1~18.04.1 finished at Tue, 18 Feb 2020 08:21:45 +0000. Datasource DataSourceNoCloud [seed=/dev/sdb][dsmode=net].  Up 36.15 seconds
[[0;32m  OK  [0m] Started Execute cloud user/final scripts.
[[0;32m  OK  [0m] Reached target Cloud-init target.
         Starting Daily apt download activities...

Ubuntu 18.04.3 LTS ubuntu-bionic ttyS0

ubuntu-bionic login: 